<?xml version="1.0" encoding="UTF-8"?>
<!-- Generated by org.testng.reporters.JUnitXMLReporter -->
<testsuite ignored="0" hostname="DESKTOP-9P43CVK" failures="0" tests="6" name="Test" time="35.573" errors="0" timestamp="2021-05-20T10:13:03 CDT">
  <testcase classname="Project.Amdocs.TestAmdocs1" name="testCase1" time="0.851"/>
  <testcase classname="Project.Amdocs.TestAmdocs1" name="testCase2" time="0.105"/>
  <testcase classname="Project.Amdocs.TestAmdocs2" name="testCase3" time="3.747"/>
  <testcase classname="Project.Amdocs.TestAmdocs3" name="testCase4" time="4.317"/>
  <testcase classname="Project.Amdocs.TestAmdocs3" name="testCase5" time="2.238"/>
  <testcase classname="Project.Amdocs.TestAmdocs3" name="testCase6" time="1.485"/>
</testsuite> <!-- Test -->
