<?xml version="1.0" encoding="UTF-8"?>
<testng-results ignored="0" total="6" passed="6" failed="0" skipped="0">
  <reporter-output>
  </reporter-output>
  <suite started-at="2021-05-20T10:12:27 CDT" name="Suite" finished-at="2021-05-20T10:13:03 CDT" duration-ms="35573">
    <groups>
      <group name="Smoke">
        <method signature="TestAmdocs1.testCase1()[pri:0, instance:Project.Amdocs.TestAmdocs1@45efc20d]" name="testCase1" class="Project.Amdocs.TestAmdocs1"/>
        <method signature="TestAmdocs2.testCase3()[pri:0, instance:Project.Amdocs.TestAmdocs2@3e5499cc]" name="testCase3" class="Project.Amdocs.TestAmdocs2"/>
        <method signature="TestAmdocs3.testCase4()[pri:0, instance:Project.Amdocs.TestAmdocs3@67ab1c47]" name="testCase4" class="Project.Amdocs.TestAmdocs3"/>
      </group> <!-- Smoke -->
    </groups>
    <test started-at="2021-05-20T10:12:27 CDT" name="Test" finished-at="2021-05-20T10:13:03 CDT" duration-ms="35573">
      <class name="Project.Amdocs.TestAmdocs3">
        <test-method is-config="true" signature="initialize()[pri:0, instance:Project.Amdocs.TestAmdocs3@67ab1c47]" started-at="2021-05-20T10:12:34 CDT" name="initialize" finished-at="2021-05-20T10:12:37 CDT" duration-ms="3088" status="PASS">
          <reporter-output>
          </reporter-output>
        </test-method> <!-- initialize -->
        <test-method signature="testCase4()[pri:0, instance:Project.Amdocs.TestAmdocs3@67ab1c47]" started-at="2021-05-20T10:12:42 CDT" name="testCase4" finished-at="2021-05-20T10:12:46 CDT" duration-ms="4317" status="PASS">
          <reporter-output>
          </reporter-output>
        </test-method> <!-- testCase4 -->
        <test-method signature="testCase5()[pri:0, instance:Project.Amdocs.TestAmdocs3@67ab1c47]" started-at="2021-05-20T10:12:46 CDT" name="testCase5" finished-at="2021-05-20T10:12:49 CDT" duration-ms="2238" status="PASS">
          <reporter-output>
          </reporter-output>
        </test-method> <!-- testCase5 -->
        <test-method signature="testCase6(java.lang.String, java.lang.String)[pri:0, instance:Project.Amdocs.TestAmdocs3@67ab1c47]" started-at="2021-05-20T10:12:49 CDT" name="testCase6" data-provider="getData" finished-at="2021-05-20T10:12:50 CDT" duration-ms="1485" status="PASS">
          <params>
            <param index="0">
              <value>
                <![CDATA[Mustafa]]>
              </value>
            </param>
            <param index="1">
              <value>
                <![CDATA[Aras]]>
              </value>
            </param>
          </params>
          <reporter-output>
          </reporter-output>
        </test-method> <!-- testCase6 -->
        <test-method is-config="true" signature="tearDown()[pri:0, instance:Project.Amdocs.TestAmdocs3@67ab1c47]" started-at="2021-05-20T10:12:58 CDT" name="tearDown" finished-at="2021-05-20T10:13:03 CDT" duration-ms="4163" status="PASS">
          <reporter-output>
          </reporter-output>
        </test-method> <!-- tearDown -->
      </class> <!-- Project.Amdocs.TestAmdocs3 -->
      <class name="Project.Amdocs.TestAmdocs1">
        <test-method is-config="true" signature="initialize()[pri:0, instance:Project.Amdocs.TestAmdocs1@45efc20d]" started-at="2021-05-20T10:12:27 CDT" name="initialize" finished-at="2021-05-20T10:12:31 CDT" duration-ms="4140" status="PASS">
          <reporter-output>
          </reporter-output>
        </test-method> <!-- initialize -->
        <test-method signature="testCase1()[pri:0, instance:Project.Amdocs.TestAmdocs1@45efc20d]" started-at="2021-05-20T10:12:37 CDT" name="testCase1" finished-at="2021-05-20T10:12:38 CDT" duration-ms="851" status="PASS">
          <reporter-output>
          </reporter-output>
        </test-method> <!-- testCase1 -->
        <test-method signature="testCase2()[pri:1, instance:Project.Amdocs.TestAmdocs1@45efc20d]" started-at="2021-05-20T10:12:38 CDT" name="testCase2" finished-at="2021-05-20T10:12:38 CDT" duration-ms="105" status="PASS">
          <reporter-output>
          </reporter-output>
        </test-method> <!-- testCase2 -->
        <test-method is-config="true" signature="tearDown()[pri:0, instance:Project.Amdocs.TestAmdocs1@45efc20d]" started-at="2021-05-20T10:12:50 CDT" name="tearDown" finished-at="2021-05-20T10:12:54 CDT" duration-ms="4164" status="PASS">
          <reporter-output>
          </reporter-output>
        </test-method> <!-- tearDown -->
      </class> <!-- Project.Amdocs.TestAmdocs1 -->
      <class name="Project.Amdocs.TestAmdocs2">
        <test-method is-config="true" signature="initialize()[pri:0, instance:Project.Amdocs.TestAmdocs2@3e5499cc]" started-at="2021-05-20T10:12:31 CDT" name="initialize" finished-at="2021-05-20T10:12:34 CDT" duration-ms="3089" status="PASS">
          <reporter-output>
          </reporter-output>
        </test-method> <!-- initialize -->
        <test-method signature="testCase3()[pri:0, instance:Project.Amdocs.TestAmdocs2@3e5499cc]" started-at="2021-05-20T10:12:38 CDT" name="testCase3" finished-at="2021-05-20T10:12:42 CDT" duration-ms="3747" status="PASS">
          <reporter-output>
          </reporter-output>
        </test-method> <!-- testCase3 -->
        <test-method is-config="true" signature="tearDown()[pri:0, instance:Project.Amdocs.TestAmdocs2@3e5499cc]" started-at="2021-05-20T10:12:54 CDT" name="tearDown" finished-at="2021-05-20T10:12:58 CDT" duration-ms="4154" status="PASS">
          <reporter-output>
          </reporter-output>
        </test-method> <!-- tearDown -->
      </class> <!-- Project.Amdocs.TestAmdocs2 -->
    </test> <!-- Test -->
  </suite> <!-- Suite -->
</testng-results>
